C51 COMPILER V9.54   CAR                                                                   07/16/2022 17:34:21 PAGE 1   


C51 COMPILER V9.54, COMPILATION OF MODULE CAR
OBJECT MODULE PLACED IN .\Objects\car.obj
COMPILER INVOKED BY: E:\keil5\C51\BIN\C51.EXE car.c OPTIMIZE(8,SPEED) BROWSE DEBUG OBJECTEXTEND PRINT(.\Listings\car.lst
                    -) TABS(2) OBJECT(.\Objects\car.obj)

line level    source

   1                 /* 停    止【四电机停止】           {0)   */
   2                /* 向前直行【四电机正转】            {1}  */
   3               /* 向后直行【四电机反转】            {2}  */
   4              /* 向前左拐【右电机正转，左电机停止】  {3}  */
   5             /* 向前右拐【右电机停止，左电机正转】  {4} */
   6            /* 向后左拐【右电机反转，左电机停止】  {5} */
   7           /* 向后右拐【右电机停止，左电机反转】 {6} */
   8          /************小车移动方向*************/
   9          #include<reg52.h>
  10          #include "delay.h"
  11          sbit IN1=P2^7;
  12          
  13          sbit IN2=P2^6;
  14          
  15          sbit IN3=P2^5;
  16          
  17          sbit IN4=P2^4;
  18          
  19          
  20          
  21          
  22          void car_go(int x)
  23          {
  24   1          IN1=1;
  25   1          IN2=0;
  26   1          IN3=1;
  27   1          IN4=0;
  28   1          delayms(x);
  29   1          IN1=0;
  30   1          IN2=0;
  31   1          IN3=0;
  32   1          IN4=0;
  33   1          delayms(100-x);
  34   1      }
  35          void car_back(int x)
  36          {
  37   1          IN1=0;
  38   1          IN2=1;
  39   1          IN3=0;
  40   1          IN4=1;
  41   1      delayms(x);
  42   1          IN1=0;
  43   1          IN2=0;
  44   1          IN3=0;
  45   1          IN4=0;
  46   1          delayms(100-x);
  47   1      }
  48          void car_stop(int x)
  49          {
  50   1         IN1=0;
  51   1          IN2=0;
  52   1          IN3=0;
  53   1          IN4=0;
  54   1      delayms(x);
C51 COMPILER V9.54   CAR                                                                   07/16/2022 17:34:21 PAGE 2   

  55   1          IN1=0;
  56   1          IN2=0;
  57   1          IN3=0;
  58   1          IN4=0;
  59   1          delayms(100-x);
  60   1      }
  61          void car_left(int x)
  62          {    IN1=0;
  63   1          IN2=1;
  64   1          IN3=1;
  65   1          IN4=0;
  66   1      delayms(x);
  67   1          IN1=0;
  68   1          IN2=0;
  69   1          IN3=0;
  70   1          IN4=0;
  71   1          delayms(100-x);
  72   1      }
  73          void car_right(int x)
  74          {  
  75   1          IN1=1;
  76   1          IN2=0;
  77   1          IN3=0;
  78   1          IN4=1;
  79   1      delayms(x);
  80   1          IN1=0;
  81   1          IN2=0;
  82   1          IN3=0;
  83   1          IN4=0;
  84   1          delayms(100-x);
  85   1      
  86   1      }
  87          void car_leftback(int x)
  88          { 
  89   1         IN1=0;
  90   1          IN2=0;
  91   1          IN3=0;
  92   1          IN4=1;
  93   1      delayms(x);
  94   1          IN1=0;
  95   1          IN2=0;
  96   1          IN3=0;
  97   1          IN4=0;
  98   1          delayms(100-x);
  99   1      }
 100          void car_rightback(int x)
 101          {
 102   1          IN1=0;
 103   1          IN2=1;
 104   1          IN3=0;
 105   1          IN4=0;
 106   1         delayms(x);
 107   1          IN1=0;
 108   1          IN2=0;
 109   1          IN3=0;
 110   1          IN4=0;
 111   1          delayms(100-x);
 112   1      }
 113          


MODULE INFORMATION:   STATIC OVERLAYABLE
C51 COMPILER V9.54   CAR                                                                   07/16/2022 17:34:21 PAGE 3   

   CODE SIZE        =    252    ----
   CONSTANT SIZE    =   ----    ----
   XDATA SIZE       =   ----    ----
   PDATA SIZE       =   ----    ----
   DATA SIZE        =   ----      14
   IDATA SIZE       =   ----    ----
   BIT SIZE         =   ----    ----
END OF MODULE INFORMATION.


C51 COMPILATION COMPLETE.  0 WARNING(S),  0 ERROR(S)
