C51 COMPILER V9.54   _816LED                                                               07/17/2022 11:59:06 PAGE 1   


C51 COMPILER V9.54, COMPILATION OF MODULE _816LED
OBJECT MODULE PLACED IN .\Objects\_816led.obj
COMPILER INVOKED BY: E:\keil5\C51\BIN\C51.EXE _816led.c OPTIMIZE(8,SPEED) BROWSE DEBUG OBJECTEXTEND PRINT(.\Listings\_81
                    -6led.lst) TABS(2) OBJECT(.\Objects\_816led.obj)

line level    source

   1          #include <REGX51.H>
   2          #include "delay.h"
   3          
   4          sbit SDA=P0^7;
   5          sbit SCL=P0^6;
   6          
   7          
   8          void IIC_start()
   9          { SCL=1;
  10   1        delayus(3);
  11   1        SDA=1;
  12   1        delayus(3);
  13   1        SDA=0;
  14   1        delayus(3);
  15   1      }
  16          void IIC_send(unsigned char send_data)
  17          {  char i;
  18   1        for(i = 0;i < 8;i++)
  19   1        {
  20   2            SCL=0;
  21   2            delayus(3);
  22   2            if(send_data & 0x01)
  23   2            {
  24   3              SDA=1;
  25   3            }
  26   2            else
  27   2            {
  28   3              SDA=0;
  29   3            }
  30   2            delayus(3);
  31   2            SCL=1;
  32   2            delayus(3);
  33   2            send_data = send_data >> 1;
  34   2        }
  35   1      }
  36          
  37          void IIC_end()
  38          {
  39   1        SCL=0;
  40   1        delayus(3);
  41   1        SDA=0;
  42   1        delayus(3);
  43   1        SCL=1;
  44   1        delayus(3);
  45   1        SDA=1;
  46   1        delayus(3);
  47   1      }
  48          
  49          void matrix_display(unsigned char matrix_value[])
  50          {
  51   1        IIC_start();  // use the function of the data transmission start condition
  52   1        IIC_send(0xc0);  //select address
  53   1        int x;
*** ERROR C141 IN LINE 53 OF _816led.c: syntax error near 'int'
C51 COMPILER V9.54   _816LED                                                               07/17/2022 11:59:06 PAGE 2   

*** ERROR C202 IN LINE 53 OF _816led.c: 'x': undefined identifier
  54   1        for(x = 0;x < 16;x++) //pattern data has 16 bits
*** ERROR C202 IN LINE 54 OF _816led.c: 'x': undefined identifier
  55   1        {
  56   2           IIC_send(matrix_value[x]); //convey the pattern data
*** ERROR C202 IN LINE 56 OF _816led.c: 'x': undefined identifier
  57   2        }
  58   1      
  59   1        IIC_end();   //end the transmission of pattern data  
  60   1        IIC_start();
  61   1        IIC_send(0x8A);  //display control, set pulse width to 4/16 s
  62   1        IIC_end();
  63   1      }
  64          

C51 COMPILATION COMPLETE.  0 WARNING(S),  4 ERROR(S)
